<?xml version="1.0" encoding="UTF-8"?>
<!-- Generated by org.testng.reporters.JUnitReportReporter -->
<testsuite hostname="ATMECSINLT-087" failures="0" tests="14" name="com.atmecs.phptravels.testscripts.InvoicePageTest" time="51.241" errors="0" timestamp="19 Sep 2019 08:59:35 GMT" skipped="0">
  <testcase classname="com.atmecs.phptravels.testscripts.InvoicePageTest" name="landingPageValidation" time="0.303"/>
  <testcase classname="com.atmecs.phptravels.testscripts.InvoicePageTest" name="invalidCheckinDate" time="4.702"/>
  <testcase classname="com.atmecs.phptravels.testscripts.InvoicePageTest" name="cityInputValidation" time="3.583"/>
  <testcase classname="com.atmecs.phptravels.testscripts.InvoicePageTest" name="tourSearch" time="4.408"/>
  <testcase classname="com.atmecs.phptravels.testscripts.InvoicePageTest" name="BookingOption" time="14.195"/>
  <testcase classname="com.atmecs.phptravels.testscripts.InvoicePageTest" name="personalDetailsInput" time="4.772"/>
  <testcase classname="com.atmecs.phptravels.testscripts.InvoicePageTest" name="guestInfoInput" time="0.484"/>
  <testcase classname="com.atmecs.phptravels.testscripts.InvoicePageTest" name="guestInfoInput" time="0.436"/>
  <testcase classname="com.atmecs.phptravels.testscripts.InvoicePageTest" name="guestInfoInput" time="0.508"/>
  <testcase classname="com.atmecs.phptravels.testscripts.InvoicePageTest" name="guestInfoInput" time="0.521"/>
  <testcase classname="com.atmecs.phptravels.testscripts.InvoicePageTest" name="amountValidateAfterAddingExtra" time="0.120"/>
  <testcase classname="com.atmecs.phptravels.testscripts.InvoicePageTest" name="tourNameValidate" time="1.547"/>
  <testcase classname="com.atmecs.phptravels.testscripts.InvoicePageTest" name="amountValidateBeforeAddingExtra" time="3.490"/>
  <testcase classname="com.atmecs.phptravels.testscripts.InvoicePageTest" name="invoicePageValidate" time="12.172"/>
</testsuite> <!-- com.atmecs.phptravels.testscripts.InvoicePageTest -->
