<?xml version="1.0" encoding="UTF-8"?>
<!-- Generated by org.testng.reporters.JUnitReportReporter -->
<testsuite hostname="ATMECSINLT-087" failures="0" tests="4" name="com.atmecs.phptravels.testscripts.HomePageTestScript" time="20.549" errors="0" timestamp="16 Sep 2019 06:51:54 GMT" skipped="0">
  <testcase classname="com.atmecs.phptravels.testscripts.HomePageTestScript" name="landingPageValidation" time="0.358"/>
  <testcase classname="com.atmecs.phptravels.testscripts.HomePageTestScript" name="invalidCheckinDate" time="9.039"/>
  <testcase classname="com.atmecs.phptravels.testscripts.HomePageTestScript" name="tourSearch" time="5.783"/>
  <testcase classname="com.atmecs.phptravels.testscripts.HomePageTestScript" name="cityInputValidation" time="5.369"/>
</testsuite> <!-- com.atmecs.phptravels.testscripts.HomePageTestScript -->
