<?xml version="1.0" encoding="UTF-8"?>
<!-- Generated by org.testng.reporters.JUnitReportReporter -->
<testsuite hostname="ATMECSINLT-087" failures="0" tests="1" name="com.atmecs.phptravels.testscripts.BookingOptionTestScript" time="25.743" errors="0" timestamp="16 Sep 2019 06:51:54 GMT" skipped="0">
  <testcase classname="com.atmecs.phptravels.testscripts.BookingOptionTestScript" name="BookingOption" time="25.743"/>
</testsuite> <!-- com.atmecs.phptravels.testscripts.BookingOptionTestScript -->
