<?xml version="1.0" encoding="UTF-8"?>
<!-- Generated by org.testng.reporters.JUnitReportReporter -->
<testsuite hostname="ATMECSINLT-087" failures="0" tests="14" name="com.atmecs.phptravels.testscripts.InvoicePageTest" time="49.126" errors="0" timestamp="19 Sep 2019 08:55:44 GMT" skipped="0">
  <testcase classname="com.atmecs.phptravels.testscripts.InvoicePageTest" name="landingPageValidation" time="0.168"/>
  <testcase classname="com.atmecs.phptravels.testscripts.InvoicePageTest" name="invalidCheckinDate" time="3.203"/>
  <testcase classname="com.atmecs.phptravels.testscripts.InvoicePageTest" name="cityInputValidation" time="3.184"/>
  <testcase classname="com.atmecs.phptravels.testscripts.InvoicePageTest" name="tourSearch" time="3.806"/>
  <testcase classname="com.atmecs.phptravels.testscripts.InvoicePageTest" name="BookingOption" time="13.413"/>
  <testcase classname="com.atmecs.phptravels.testscripts.InvoicePageTest" name="personalDetailsInput" time="4.672"/>
  <testcase classname="com.atmecs.phptravels.testscripts.InvoicePageTest" name="guestInfoInput" time="0.864"/>
  <testcase classname="com.atmecs.phptravels.testscripts.InvoicePageTest" name="guestInfoInput" time="0.886"/>
  <testcase classname="com.atmecs.phptravels.testscripts.InvoicePageTest" name="guestInfoInput" time="0.928"/>
  <testcase classname="com.atmecs.phptravels.testscripts.InvoicePageTest" name="guestInfoInput" time="0.876"/>
  <testcase classname="com.atmecs.phptravels.testscripts.InvoicePageTest" name="amountValidateAfterAddingExtra" time="0.149"/>
  <testcase classname="com.atmecs.phptravels.testscripts.InvoicePageTest" name="tourNameValidate" time="1.104"/>
  <testcase classname="com.atmecs.phptravels.testscripts.InvoicePageTest" name="amountValidateBeforeAddingExtra" time="3.332"/>
  <testcase classname="com.atmecs.phptravels.testscripts.InvoicePageTest" name="invoicePageValidate" time="12.541"/>
</testsuite> <!-- com.atmecs.phptravels.testscripts.InvoicePageTest -->
