<?xml version="1.0" encoding="UTF-8"?>
<!-- Generated by org.testng.reporters.JUnitReportReporter -->
<testsuite hostname="ATMECSINLT-087" failures="0" tests="1" name="com.atmecs.phptravels.testscripts.BookingOptionTestScript" time="13.763" errors="0" timestamp="18 Sep 2019 12:52:53 GMT" skipped="0">
  <testcase classname="com.atmecs.phptravels.testscripts.BookingOptionTestScript" name="BookingOption" time="13.763"/>
</testsuite> <!-- com.atmecs.phptravels.testscripts.BookingOptionTestScript -->
