<?xml version="1.0" encoding="UTF-8"?>
<!-- Generated by org.testng.reporters.JUnitReportReporter -->
<testsuite hostname="ATMECSINLT-087" failures="0" tests="8" name="com.atmecs.phptravels.testscripts.BookingSummaryPageTest" time="27.582" errors="0" timestamp="18 Sep 2019 12:52:53 GMT" skipped="0">
  <testcase classname="com.atmecs.phptravels.testscripts.BookingSummaryPageTest" name="personalDetailsInput" time="4.157"/>
  <testcase classname="com.atmecs.phptravels.testscripts.BookingSummaryPageTest" name="guestInfoInput" time="0.867"/>
  <testcase classname="com.atmecs.phptravels.testscripts.BookingSummaryPageTest" name="guestInfoInput" time="0.882"/>
  <testcase classname="com.atmecs.phptravels.testscripts.BookingSummaryPageTest" name="guestInfoInput" time="1.056"/>
  <testcase classname="com.atmecs.phptravels.testscripts.BookingSummaryPageTest" name="guestInfoInput" time="0.850"/>
  <testcase classname="com.atmecs.phptravels.testscripts.BookingSummaryPageTest" name="amountValidateAfterAddingExtra" time="0.121"/>
  <testcase classname="com.atmecs.phptravels.testscripts.BookingSummaryPageTest" name="tourNameValidate" time="0.941"/>
  <testcase classname="com.atmecs.phptravels.testscripts.BookingSummaryPageTest" name="amountValidateBeforeAddingExtra" time="18.708"/>
</testsuite> <!-- com.atmecs.phptravels.testscripts.BookingSummaryPageTest -->
