<?xml version="1.0" encoding="UTF-8"?>
<!-- Generated by org.testng.reporters.JUnitReportReporter -->
<testsuite skipped="0" hostname="ATMECSINLT-087" name="com.atmecs.phptravels.testscripts.HomePageTestScript" tests="4" failures="0" timestamp="20 Sep 2019 06:34:57 GMT" time="19.443" errors="0">
  <testcase name="landingPageValidation" time="2.484" classname="com.atmecs.phptravels.testscripts.HomePageTestScript"/>
  <testcase name="invalidCheckinDate" time="9.317" classname="com.atmecs.phptravels.testscripts.HomePageTestScript"/>
  <testcase name="cityInputValidation" time="3.744" classname="com.atmecs.phptravels.testscripts.HomePageTestScript"/>
  <testcase name="tourSearch" time="3.898" classname="com.atmecs.phptravels.testscripts.HomePageTestScript"/>
</testsuite> <!-- com.atmecs.phptravels.testscripts.HomePageTestScript -->
